[2025-11-08 14:46:52] local.ERROR: SQLSTATE[08006] [7] FATAL:  the database system is starting up (SQL: select * from information_schema.tables where table_schema = public and table_name = migrations and table_type = 'BASE TABLE') {"exception":"[object] (Illuminate\\Database\\QueryException(code: 7): SQLSTATE[08006] [7] FATAL:  the database system is starting up (SQL: select * from information_schema.tables where table_schema = public and table_name = migrations and table_type = 'BASE TABLE') at /app/vendor/illuminate/database/Connection.php:692)
[stacktrace]
#0 /app/vendor/illuminate/database/Connection.php(652): Illuminate\\Database\\Connection->runQueryCallback('select * from i...', Array, Object(Closure))
#1 /app/vendor/illuminate/database/Connection.php(360): Illuminate\\Database\\Connection->run('select * from i...', Array, Object(Closure))
#2 /app/vendor/illuminate/database/Schema/PostgresBuilder.php(46): Illuminate\\Database\\Connection->select('select * from i...', Array)
#3 /app/vendor/illuminate/database/Migrations/DatabaseMigrationRepository.php(169): Illuminate\\Database\\Schema\\PostgresBuilder->hasTable('migrations')
#4 /app/vendor/illuminate/database/Migrations/Migrator.php(652): Illuminate\\Database\\Migrations\\DatabaseMigrationRepository->repositoryExists()
#5 /app/vendor/illuminate/database/Console/Migrations/MigrateCommand.php(106): Illuminate\\Database\\Migrations\\Migrator->repositoryExists()
#6 /app/vendor/illuminate/database/Console/Migrations/MigrateCommand.php(77): Illuminate\\Database\\Console\\Migrations\\MigrateCommand->prepareDatabase()
#7 /app/vendor/illuminate/database/Migrations/Migrator.php(585): Illuminate\\Database\\Console\\Migrations\\MigrateCommand->Illuminate\\Database\\Console\\Migrations\\{closure}()
#8 /app/vendor/illuminate/database/Console/Migrations/MigrateCommand.php(94): Illuminate\\Database\\Migrations\\Migrator->usingConnection(NULL, Object(Closure))
#9 /app/vendor/illuminate/container/BoundMethod.php(36): Illuminate\\Database\\Console\\Migrations\\MigrateCommand->handle()
#10 /app/vendor/illuminate/container/Util.php(40): Illuminate\\Container\\BoundMethod::Illuminate\\Container\\{closure}()
#11 /app/vendor/illuminate/container/BoundMethod.php(93): Illuminate\\Container\\Util::unwrapIfClosure(Object(Closure))
#12 /app/vendor/illuminate/container/BoundMethod.php(37): Illuminate\\Container\\BoundMethod::callBoundMethod(Object(Laravel\\Lumen\\Application), Array, Object(Closure))
#13 /app/vendor/illuminate/container/Container.php(651): Illuminate\\Container\\BoundMethod::call(Object(Laravel\\Lumen\\Application), Array, Array, NULL)
#14 /app/vendor/illuminate/console/Command.php(136): Illuminate\\Container\\Container->call(Array)
#15 /app/vendor/symfony/console/Command/Command.php(299): Illuminate\\Console\\Command->execute(Object(Symfony\\Component\\Console\\Input\\ArgvInput), Object(Illuminate\\Console\\OutputStyle))
#16 /app/vendor/illuminate/console/Command.php(121): Symfony\\Component\\Console\\Command\\Command->run(Object(Symfony\\Component\\Console\\Input\\ArgvInput), Object(Illuminate\\Console\\OutputStyle))
#17 /app/vendor/symfony/console/Application.php(978): Illuminate\\Console\\Command->run(Object(Symfony\\Component\\Console\\Input\\ArgvInput), Object(Symfony\\Component\\Console\\Output\\ConsoleOutput))
#18 /app/vendor/symfony/console/Application.php(295): Symfony\\Component\\Console\\Application->doRunCommand(Object(Illuminate\\Database\\Console\\Migrations\\MigrateCommand), Object(Symfony\\Component\\Console\\Input\\ArgvInput), Object(Symfony\\Component\\Console\\Output\\ConsoleOutput))
#19 /app/vendor/symfony/console/Application.php(167): Symfony\\Component\\Console\\Application->doRun(Object(Symfony\\Component\\Console\\Input\\ArgvInput), Object(Symfony\\Component\\Console\\Output\\ConsoleOutput))
#20 /app/vendor/illuminate/console/Application.php(92): Symfony\\Component\\Console\\Application->run(Object(Symfony\\Component\\Console\\Input\\ArgvInput), Object(Symfony\\Component\\Console\\Output\\ConsoleOutput))
#21 /app/vendor/laravel/lumen-framework/src/Console/Kernel.php(116): Illuminate\\Console\\Application->run(Object(Symfony\\Component\\Console\\Input\\ArgvInput), Object(Symfony\\Component\\Console\\Output\\ConsoleOutput))
#22 /app/artisan(35): Laravel\\Lumen\\Console\\Kernel->handle(Object(Symfony\\Component\\Console\\Input\\ArgvInput), Object(Symfony\\Component\\Console\\Output\\ConsoleOutput))
#23 {main}

[previous exception] [object] (PDOException(code: 7): SQLSTATE[08006] [7] FATAL:  the database system is starting up at /app/vendor/illuminate/database/Connectors/Connector.php:70)
[stacktrace]
#0 /app/vendor/illuminate/database/Connectors/Connector.php(70): PDO->__construct('pgsql:host=post...', 'usuario_academi...', 'senhapg', Array)
#1 /app/vendor/illuminate/database/Connectors/Connector.php(46): Illuminate\\Database\\Connectors\\Connector->createPdoConnection('pgsql:host=post...', 'usuario_academi...', 'senhapg', Array)
#2 /app/vendor/illuminate/database/Connectors/PostgresConnector.php(33): Illuminate\\Database\\Connectors\\Connector->createConnection('pgsql:host=post...', Array, Array)
#3 /app/vendor/illuminate/database/Connectors/ConnectionFactory.php(184): Illuminate\\Database\\Connectors\\PostgresConnector->connect(Array)
#4 [internal function]: Illuminate\\Database\\Connectors\\ConnectionFactory->Illuminate\\Database\\Connectors\\{closure}()
#5 /app/vendor/illuminate/database/Connection.php(997): call_user_func(Object(Closure))
#6 /app/vendor/illuminate/database/Connection.php(1033): Illuminate\\Database\\Connection->getPdo()
#7 /app/vendor/illuminate/database/Connection.php(426): Illuminate\\Database\\Connection->getReadPdo()
#8 /app/vendor/illuminate/database/Connection.php(352): Illuminate\\Database\\Connection->getPdoForSelect(true)
#9 /app/vendor/illuminate/database/Connection.php(685): Illuminate\\Database\\Connection->Illuminate\\Database\\{closure}('select * from i...', Array)
#10 /app/vendor/illuminate/database/Connection.php(652): Illuminate\\Database\\Connection->runQueryCallback('select * from i...', Array, Object(Closure))
#11 /app/vendor/illuminate/database/Connection.php(360): Illuminate\\Database\\Connection->run('select * from i...', Array, Object(Closure))
#12 /app/vendor/illuminate/database/Schema/PostgresBuilder.php(46): Illuminate\\Database\\Connection->select('select * from i...', Array)
#13 /app/vendor/illuminate/database/Migrations/DatabaseMigrationRepository.php(169): Illuminate\\Database\\Schema\\PostgresBuilder->hasTable('migrations')
#14 /app/vendor/illuminate/database/Migrations/Migrator.php(652): Illuminate\\Database\\Migrations\\DatabaseMigrationRepository->repositoryExists()
#15 /app/vendor/illuminate/database/Console/Migrations/MigrateCommand.php(106): Illuminate\\Database\\Migrations\\Migrator->repositoryExists()
#16 /app/vendor/illuminate/database/Console/Migrations/MigrateCommand.php(77): Illuminate\\Database\\Console\\Migrations\\MigrateCommand->prepareDatabase()
#17 /app/vendor/illuminate/database/Migrations/Migrator.php(585): Illuminate\\Database\\Console\\Migrations\\MigrateCommand->Illuminate\\Database\\Console\\Migrations\\{closure}()
#18 /app/vendor/illuminate/database/Console/Migrations/MigrateCommand.php(94): Illuminate\\Database\\Migrations\\Migrator->usingConnection(NULL, Object(Closure))
#19 /app/vendor/illuminate/container/BoundMethod.php(36): Illuminate\\Database\\Console\\Migrations\\MigrateCommand->handle()
#20 /app/vendor/illuminate/container/Util.php(40): Illuminate\\Container\\BoundMethod::Illuminate\\Container\\{closure}()
#21 /app/vendor/illuminate/container/BoundMethod.php(93): Illuminate\\Container\\Util::unwrapIfClosure(Object(Closure))
#22 /app/vendor/illuminate/container/BoundMethod.php(37): Illuminate\\Container\\BoundMethod::callBoundMethod(Object(Laravel\\Lumen\\Application), Array, Object(Closure))
#23 /app/vendor/illuminate/container/Container.php(651): Illuminate\\Container\\BoundMethod::call(Object(Laravel\\Lumen\\Application), Array, Array, NULL)
#24 /app/vendor/illuminate/console/Command.php(136): Illuminate\\Container\\Container->call(Array)
#25 /app/vendor/symfony/console/Command/Command.php(299): Illuminate\\Console\\Command->execute(Object(Symfony\\Component\\Console\\Input\\ArgvInput), Object(Illuminate\\Console\\OutputStyle))
#26 /app/vendor/illuminate/console/Command.php(121): Symfony\\Component\\Console\\Command\\Command->run(Object(Symfony\\Component\\Console\\Input\\ArgvInput), Object(Illuminate\\Console\\OutputStyle))
#27 /app/vendor/symfony/console/Application.php(978): Illuminate\\Console\\Command->run(Object(Symfony\\Component\\Console\\Input\\ArgvInput), Object(Symfony\\Component\\Console\\Output\\ConsoleOutput))
#28 /app/vendor/symfony/console/Application.php(295): Symfony\\Component\\Console\\Application->doRunCommand(Object(Illuminate\\Database\\Console\\Migrations\\MigrateCommand), Object(Symfony\\Component\\Console\\Input\\ArgvInput), Object(Symfony\\Component\\Console\\Output\\ConsoleOutput))
#29 /app/vendor/symfony/console/Application.php(167): Symfony\\Component\\Console\\Application->doRun(Object(Symfony\\Component\\Console\\Input\\ArgvInput), Object(Symfony\\Component\\Console\\Output\\ConsoleOutput))
#30 /app/vendor/illuminate/console/Application.php(92): Symfony\\Component\\Console\\Application->run(Object(Symfony\\Component\\Console\\Input\\ArgvInput), Object(Symfony\\Component\\Console\\Output\\ConsoleOutput))
#31 /app/vendor/laravel/lumen-framework/src/Console/Kernel.php(116): Illuminate\\Console\\Application->run(Object(Symfony\\Component\\Console\\Input\\ArgvInput), Object(Symfony\\Component\\Console\\Output\\ConsoleOutput))
#32 /app/artisan(35): Laravel\\Lumen\\Console\\Kernel->handle(Object(Symfony\\Component\\Console\\Input\\ArgvInput), Object(Symfony\\Component\\Console\\Output\\ConsoleOutput))
#33 {main}
"} 
